Build started 9/12/2013 7:20:57 PM.
     1>Project "C:\Users\laptop\Desktop\Jen Cplusplus\assignment4.1A00890700\assignment4.1A00890700\assignment4.1A00890700.vcxproj" on node 2 (build target(s)).
     1>InitializeBuildStatus:
         Creating "Debug\assignment4.1A00890700.unsuccessfulbuild" because "AlwaysCreate" was specified.
       ClCompile:
         c:\Program Files\Microsoft Visual Studio 10.0\VC\bin\CL.exe /c /ZI /nologo /W3 /WX- /Od /Oy- /D WIN32 /D _DEBUG /D _CONSOLE /D _UNICODE /D UNICODE /Gm /EHsc /RTC1 /MDd /GS /fp:precise /Zc:wchar_t /Zc:forScope /Fo"Debug\\" /Fd"Debug\vc100.pdb" /Gd /TP /analyze- /errorReport:prompt switches.cpp
         switches.cpp
       ManifestResourceCompile:
         All outputs are up-to-date.
       Link:
         c:\Program Files\Microsoft Visual Studio 10.0\VC\bin\link.exe /ERRORREPORT:PROMPT /OUT:"C:\Users\laptop\Desktop\Jen Cplusplus\assignment4.1A00890700\Debug\assignment4.1A00890700.exe" /INCREMENTAL /NOLOGO kernel32.lib user32.lib gdi32.lib winspool.lib comdlg32.lib advapi32.lib shell32.lib ole32.lib oleaut32.lib uuid.lib odbc32.lib odbccp32.lib /MANIFEST /ManifestFile:"Debug\assignment4.1A00890700.exe.intermediate.manifest" /MANIFESTUAC:"level='asInvoker' uiAccess='false'" /DEBUG /PDB:"C:\Users\laptop\Desktop\Jen Cplusplus\assignment4.1A00890700\Debug\assignment4.1A00890700.pdb" /SUBSYSTEM:CONSOLE /TLBID:1 /DYNAMICBASE /NXCOMPAT /IMPLIB:"C:\Users\laptop\Desktop\Jen Cplusplus\assignment4.1A00890700\Debug\assignment4.1A00890700.lib" /MACHINE:X86 Debug\assignment4.1A00890700.exe.embed.manifest.res
         Debug\switches.obj
       Manifest:
         C:\Program Files\Microsoft SDKs\Windows\v7.0A\bin\mt.exe /nologo /verbose /out:"Debug\assignment4.1A00890700.exe.embed.manifest" /manifest Debug\assignment4.1A00890700.exe.intermediate.manifest
         All outputs are up-to-date.
       LinkEmbedManifest:
         All outputs are up-to-date.
         assignment4.1A00890700.vcxproj -> C:\Users\laptop\Desktop\Jen Cplusplus\assignment4.1A00890700\Debug\assignment4.1A00890700.exe
       FinalizeBuildStatus:
         Deleting file "Debug\assignment4.1A00890700.unsuccessfulbuild".
         Touching "Debug\assignment4.1A00890700.lastbuildstate".
     1>Done Building Project "C:\Users\laptop\Desktop\Jen Cplusplus\assignment4.1A00890700\assignment4.1A00890700\assignment4.1A00890700.vcxproj" (build target(s)).

Build succeeded.

Time Elapsed 00:00:02.93
